app/build/intermediates/manifest_merge_blame_file/debug/manifest-merger-blame-debug-report.txt
1<?xml version="1.0" encoding="utf-8"?>
2<manifest xmlns:android="http://schemas.android.com/apk/res/android"
3    package="com.example.supermarketmanager"
4    android:versionCode="1"
5    android:versionName="1.0" >
6
7    <uses-sdk
8        android:minSdkVersion="24"
9        android:targetSdkVersion="34" />
10
11    <permission
11-->[androidx.core:core:1.12.0] AndroidManifest.xml:22:5-24:47
12        android:name="com.example.supermarketmanager.DYNAMIC_RECEIVER_NOT_EXPORTED_PERMISSION"
12-->[androidx.core:core:1.12.0] AndroidManifest.xml:23:9-81
13        android:protectionLevel="signature" />
13-->[androidx.core:core:1.12.0] AndroidManifest.xml:24:9-44
14
15    <uses-permission android:name="com.example.supermarketmanager.DYNAMIC_RECEIVER_NOT_EXPORTED_PERMISSION" />
15-->[androidx.core:core:1.12.0] AndroidManifest.xml:26:5-97
15-->[androidx.core:core:1.12.0] AndroidManifest.xml:26:22-94
16
17    <application
17-->src\main\AndroidManifest.xml:4:5-22:19
18        android:name="com.example.supermarketmanager.MyApplication"
18-->src\main\AndroidManifest.xml:5:9-38
19        android:allowBackup="true"
19-->src\main\AndroidManifest.xml:6:9-35
20        android:appComponentFactory="androidx.core.app.CoreComponentFactory"
20-->[androidx.core:core:1.12.0] AndroidManifest.xml:28:18-86
21        android:debuggable="true"
22        android:extractNativeLibs="false"
23        android:icon="@mipmap/ic_launcher"
23-->src\main\AndroidManifest.xml:7:9-43
24        android:label="@string/app_name"
24-->src\main\AndroidManifest.xml:8:9-41
25        android:roundIcon="@mipmap/ic_launcher_round"
25-->src\main\AndroidManifest.xml:9:9-54
26        android:supportsRtl="true"
26-->src\main\AndroidManifest.xml:10:9-35
27        android:testOnly="true"
28        android:theme="@style/Theme.SupermarketManager" >
28-->src\main\AndroidManifest.xml:11:9-56
29        <activity
29-->src\main\AndroidManifest.xml:13:9-20:20
30            android:name="com.example.supermarketmanager.MainActivity"
30-->src\main\AndroidManifest.xml:14:13-41
31            android:exported="true" >
31-->src\main\AndroidManifest.xml:15:13-36
32            <intent-filter>
32-->src\main\AndroidManifest.xml:16:13-19:29
33                <action android:name="android.intent.action.MAIN" />
33-->src\main\AndroidManifest.xml:17:17-68
33-->src\main\AndroidManifest.xml:17:25-66
34
35                <category android:name="android.intent.category.LAUNCHER" />
35-->src\main\AndroidManifest.xml:18:17-76
35-->src\main\AndroidManifest.xml:18:27-74
36            </intent-filter>
37        </activity>
38
39        <service
39-->[androidx.room:room-runtime:2.6.1] AndroidManifest.xml:24:9-28:63
40            android:name="androidx.room.MultiInstanceInvalidationService"
40-->[androidx.room:room-runtime:2.6.1] AndroidManifest.xml:25:13-74
41            android:directBootAware="true"
41-->[androidx.room:room-runtime:2.6.1] AndroidManifest.xml:26:13-43
42            android:exported="false" />
42-->[androidx.room:room-runtime:2.6.1] AndroidManifest.xml:27:13-37
43
44        <provider
44-->[androidx.emoji2:emoji2:1.2.0] AndroidManifest.xml:24:9-32:20
45            android:name="androidx.startup.InitializationProvider"
45-->[androidx.emoji2:emoji2:1.2.0] AndroidManifest.xml:25:13-67
46            android:authorities="com.example.supermarketmanager.androidx-startup"
46-->[androidx.emoji2:emoji2:1.2.0] AndroidManifest.xml:26:13-68
47            android:exported="false" >
47-->[androidx.emoji2:emoji2:1.2.0] AndroidManifest.xml:27:13-37
48            <meta-data
48-->[androidx.emoji2:emoji2:1.2.0] AndroidManifest.xml:29:13-31:52
49                android:name="androidx.emoji2.text.EmojiCompatInitializer"
49-->[androidx.emoji2:emoji2:1.2.0] AndroidManifest.xml:30:17-75
50                android:value="androidx.startup" />
50-->[androidx.emoji2:emoji2:1.2.0] AndroidManifest.xml:31:17-49
51            <meta-data
51-->[androidx.lifecycle:lifecycle-process:2.6.1] AndroidManifest.xml:29:13-31:52
52                android:name="androidx.lifecycle.ProcessLifecycleInitializer"
52-->[androidx.lifecycle:lifecycle-process:2.6.1] AndroidManifest.xml:30:17-78
53                android:value="androidx.startup" />
53-->[androidx.lifecycle:lifecycle-process:2.6.1] AndroidManifest.xml:31:17-49
54            <meta-data
54-->[androidx.profileinstaller:profileinstaller:1.3.0] AndroidManifest.xml:29:13-31:52
55                android:name="androidx.profileinstaller.ProfileInstallerInitializer"
55-->[androidx.profileinstaller:profileinstaller:1.3.0] AndroidManifest.xml:30:17-85
56                android:value="androidx.startup" />
56-->[androidx.profileinstaller:profileinstaller:1.3.0] AndroidManifest.xml:31:17-49
57        </provider>
58
59        <uses-library
59-->[androidx.window:window:1.0.0] AndroidManifest.xml:25:9-27:40
60            android:name="androidx.window.extensions"
60-->[androidx.window:window:1.0.0] AndroidManifest.xml:26:13-54
61            android:required="false" />
61-->[androidx.window:window:1.0.0] AndroidManifest.xml:27:13-37
62        <uses-library
62-->[androidx.window:window:1.0.0] AndroidManifest.xml:28:9-30:40
63            android:name="androidx.window.sidecar"
63-->[androidx.window:window:1.0.0] AndroidManifest.xml:29:13-51
64            android:required="false" />
64-->[androidx.window:window:1.0.0] AndroidManifest.xml:30:13-37
65
66        <receiver
66-->[androidx.profileinstaller:profileinstaller:1.3.0] AndroidManifest.xml:34:9-52:20
67            android:name="androidx.profileinstaller.ProfileInstallReceiver"
67-->[androidx.profileinstaller:profileinstaller:1.3.0] AndroidManifest.xml:35:13-76
68            android:directBootAware="false"
68-->[androidx.profileinstaller:profileinstaller:1.3.0] AndroidManifest.xml:36:13-44
69            android:enabled="true"
69-->[androidx.profileinstaller:profileinstaller:1.3.0] AndroidManifest.xml:37:13-35
70            android:exported="true"
70-->[androidx.profileinstaller:profileinstaller:1.3.0] AndroidManifest.xml:38:13-36
71            android:permission="android.permission.DUMP" >
71-->[androidx.profileinstaller:profileinstaller:1.3.0] AndroidManifest.xml:39:13-57
72            <intent-filter>
72-->[androidx.profileinstaller:profileinstaller:1.3.0] AndroidManifest.xml:40:13-42:29
73                <action android:name="androidx.profileinstaller.action.INSTALL_PROFILE" />
73-->[androidx.profileinstaller:profileinstaller:1.3.0] AndroidManifest.xml:41:17-91
73-->[androidx.profileinstaller:profileinstaller:1.3.0] AndroidManifest.xml:41:25-88
74            </intent-filter>
75            <intent-filter>
75-->[androidx.profileinstaller:profileinstaller:1.3.0] AndroidManifest.xml:43:13-45:29
76                <action android:name="androidx.profileinstaller.action.SKIP_FILE" />
76-->[androidx.profileinstaller:profileinstaller:1.3.0] AndroidManifest.xml:44:17-85
76-->[androidx.profileinstaller:profileinstaller:1.3.0] AndroidManifest.xml:44:25-82
77            </intent-filter>
78            <intent-filter>
78-->[androidx.profileinstaller:profileinstaller:1.3.0] AndroidManifest.xml:46:13-48:29
79                <action android:name="androidx.profileinstaller.action.SAVE_PROFILE" />
79-->[androidx.profileinstaller:profileinstaller:1.3.0] AndroidManifest.xml:47:17-88
79-->[androidx.profileinstaller:profileinstaller:1.3.0] AndroidManifest.xml:47:25-85
80            </intent-filter>
81            <intent-filter>
81-->[androidx.profileinstaller:profileinstaller:1.3.0] AndroidManifest.xml:49:13-51:29
82                <action android:name="androidx.profileinstaller.action.BENCHMARK_OPERATION" />
82-->[androidx.profileinstaller:profileinstaller:1.3.0] AndroidManifest.xml:50:17-95
82-->[androidx.profileinstaller:profileinstaller:1.3.0] AndroidManifest.xml:50:25-92
83            </intent-filter>
84        </receiver>
85    </application>
86
87</manifest>